<?xml version="1.0" encoding="UTF-8"?>
<!-- Generated by org.testng.reporters.JUnitReportReporter -->
<testsuite skipped="0" hostname="Sandeeps-MacBook-Air.local" name="RestAssuredMaven.RestAssuredMaven.LibraryAPITest" tests="1" failures="0" timestamp="03 Mar 2019 23:06:43 GMT" time="2.559" errors="0">
  <testcase name="TestAPI" time="2.559" classname="RestAssuredMaven.RestAssuredMaven.LibraryAPITest"/>
</testsuite> <!-- RestAssuredMaven.RestAssuredMaven.LibraryAPITest -->
