<?xml version="1.0" encoding="UTF-8"?>
<!-- Generated by org.testng.reporters.JUnitReportReporter -->
<testsuite skipped="0" hostname="Sandeeps-MacBook-Air.local" name="RestAssuredMaven.RestAssuredMaven.DataParameterizationTest" tests="3" failures="0" timestamp="03 Mar 2019 23:06:43 GMT" time="4.536" errors="0">
  <testcase name="addBook" time="1.738" classname="RestAssuredMaven.RestAssuredMaven.DataParameterizationTest"/>
  <testcase name="addBook" time="1.521" classname="RestAssuredMaven.RestAssuredMaven.DataParameterizationTest"/>
  <testcase name="addBook" time="1.277" classname="RestAssuredMaven.RestAssuredMaven.DataParameterizationTest"/>
</testsuite> <!-- RestAssuredMaven.RestAssuredMaven.DataParameterizationTest -->
