<?xml version="1.0" encoding="UTF-8"?>
<!-- Generated by org.testng.reporters.JUnitReportReporter -->
<testsuite skipped="0" hostname="Sandeeps-MacBook-Air.local" name="RestAssuredMaven.RestAssuredMaven.CreateAndDeletePlaceTest" tests="1" failures="0" timestamp="03 Mar 2019 23:06:43 GMT" time="1.554" errors="0">
  <testcase name="Test1" time="1.554" classname="RestAssuredMaven.RestAssuredMaven.CreateAndDeletePlaceTest"/>
</testsuite> <!-- RestAssuredMaven.RestAssuredMaven.CreateAndDeletePlaceTest -->
