<?xml version="1.0" encoding="UTF-8"?>
<!-- Generated by org.testng.reporters.JUnitReportReporter -->
<testsuite skipped="0" hostname="Sandeeps-MacBook-Air.local" name="RestAssuredMaven.RestAssuredMaven.StaticJSONTest" tests="1" failures="0" timestamp="03 Mar 2019 23:06:43 GMT" time="3.575" errors="0">
  <testcase name="TestAPI" time="3.575" classname="RestAssuredMaven.RestAssuredMaven.StaticJSONTest"/>
</testsuite> <!-- RestAssuredMaven.RestAssuredMaven.StaticJSONTest -->
