<?xml version="1.0" encoding="UTF-8"?>
<!-- Generated by org.testng.reporters.JUnitReportReporter -->
<testsuite skipped="0" hostname="Sandeeps-MacBook-Air.local" name="RestAssuredMaven.RestAssuredMaven.PostCreatePlaceTest" tests="1" failures="0" timestamp="03 Mar 2019 23:06:43 GMT" time="0.821" errors="0">
  <testcase name="Test1" time="0.821" classname="RestAssuredMaven.RestAssuredMaven.PostCreatePlaceTest"/>
</testsuite> <!-- RestAssuredMaven.RestAssuredMaven.PostCreatePlaceTest -->
